<component name="libraryTable">
  <library name="junit-platform-launcher-1.7.1">
    <CLASSES>
      <root url="jar://$PROJECT_DIR$/iofile/saveuserdata/lib/junit-platform-launcher-1.7.1.jar!/" />
    </CLASSES>
    <JAVADOC />
    <SOURCES />
  </library>
</component>